<?xml version="1.0" encoding="UTF-8"?>
<testng-results ignored="0" total="1" passed="1" failed="0" skipped="0">
  <reporter-output>
  </reporter-output>
  <suite started-at="2024-11-22T19:26:37Z" name="Default suite" finished-at="2024-11-22T19:27:18Z" duration-ms="40968">
    <groups>
    </groups>
    <test started-at="2024-11-22T19:26:37Z" name="Default test" finished-at="2024-11-22T19:27:18Z" duration-ms="40968">
      <class name="com.cheapoair.ca.E2EFlightSearchRoundTrip">
        <test-method signature="flightSearchCanadaToIndia()[pri:0, instance:com.cheapoair.ca.E2EFlightSearchRoundTrip@2631f68c]" started-at="2024-11-22T19:26:37Z" name="flightSearchCanadaToIndia" finished-at="2024-11-22T19:27:17Z" duration-ms="40769" status="PASS">
          <reporter-output>
          </reporter-output>
        </test-method> <!-- flightSearchCanadaToIndia -->
      </class> <!-- com.cheapoair.ca.E2EFlightSearchRoundTrip -->
    </test> <!-- Default test -->
  </suite> <!-- Default suite -->
</testng-results>
